info it worked if it ends with ok
verbose cli [ '/usr/bin/nodejs', '/usr/bin/npm', 'completion' ]
info using npm@1.1.4
info using node@v0.6.19
verbose config file /home/vishal/.npmrc
verbose config file /usr/etc/npmrc
verbose config file /usr/share/npm/npmrc
ERR! Error: ENOENT, open '/usr/share/npm/lib/utils/completion.sh'
ERR! You may report this log at:
ERR!     <http://bugs.debian.org/npm>
ERR! or use
ERR!     reportbug --attach /home/vishal/projects/dotfiles/npm-debug.log npm
ERR! 
ERR! System Linux 3.5.0-17-generic
ERR! command "/usr/bin/nodejs" "/usr/bin/npm" "completion"
ERR! cwd /home/vishal/projects/dotfiles
ERR! node -v v0.6.19
ERR! npm -v 1.1.4
ERR! path /usr/share/npm/lib/utils/completion.sh
ERR! code ENOENT
ERR! message ENOENT, open '/usr/share/npm/lib/utils/completion.sh'
ERR! errno {}
verbose exit [ 1, true ]
